npm warn Unknown global config "python". This will stop working in the next major version of npm.

> vite-vuetify@0.0.0 dev
> vite --host


  VITE v5.4.21  ready in 1074 ms

  âžœ  Local:   http://localhost:5173/
  âžœ  Network: http://172.28.99.106:5173/
[1m[33m[@vue/compiler-sfc][0m[33m ::v-deep usage as a combinator has been deprecated. Use :deep(<inner-selector>) instead of ::v-deep <inner-selector>.[0m

npm warn Unknown global config "python". This will stop working in the next major version of npm.

> vite-vuetify@0.0.0 dev
> vite --host


  VITE v5.4.21  ready in 1083 ms

  âžœ  Local:   http://localhost:5173/
  âžœ  Network: http://172.28.99.106:5173/
[1m[33m[@vue/compiler-sfc][0m[33m ::v-deep usage as a combinator has been deprecated. Use :deep(<inner-selector>) instead of ::v-deep <inner-selector>.[0m

Files in the public directory are served at the root path.
Instead of /public/fonts/faken.ttf, use /fonts/faken.ttf.
Files in the public directory are served at the root path.
Instead of /public/fonts/faken.ttf, use /fonts/faken.ttf.
Files in the public directory are served at the root path.
Instead of /public/img/diary/èŠ™ä¸½èŽ²æ˜Ÿç©º.png, use /img/diary/èŠ™ä¸½èŽ²æ˜Ÿç©º.png.
Files in the public directory are served at the root path.
Instead of /public/img/trip/ç ´çƒ‚å°å¨ƒ/å¾®ä¿¡å›¾ç‰‡_20251218103830_8_2.jpg, use /img/trip/ç ´çƒ‚å°å¨ƒ/å¾®ä¿¡å›¾ç‰‡_20251218103830_8_2.jpg.
Files in the public directory are served at the root path.
Instead of /public/img/trip/ç ´çƒ‚å°å¨ƒ/å¾®ä¿¡å›¾ç‰‡_20251218103829_7_2.jpg, use /img/trip/ç ´çƒ‚å°å¨ƒ/å¾®ä¿¡å›¾ç‰‡_20251218103829_7_2.jpg.
Files in the public directory are served at the root path.
Instead of /public/img/trip/ç ´çƒ‚å°å¨ƒ/å¾®ä¿¡å›¾ç‰‡_2_2.jpg, use /img/trip/ç ´çƒ‚å°å¨ƒ/å¾®ä¿¡å›¾ç‰‡_2_2.jpg.
Files in the public directory are served at the root path.
Instead of /public/img/trip/ç ´çƒ‚å°å¨ƒ/å¾®ä¿¡å›¾ç‰‡_20251218103827_5_2.jpg, use /img/trip/ç ´çƒ‚å°å¨ƒ/å¾®ä¿¡å›¾ç‰‡_20251218103827_5_2.jpg.
Files in the public directory are served at the root path.
Instead of /public/img/trip/ç ´çƒ‚å°å¨ƒ/å¾®ä¿¡å›¾ç‰‡_20251218103828_6_2.jpg, use /img/trip/ç ´çƒ‚å°å¨ƒ/å¾®ä¿¡å›¾ç‰‡_20251218103828_6_2.jpg.
Files in the public directory are served at the root path.
Instead of /public/img/trip/ç ´çƒ‚å°å¨ƒ/å¾®ä¿¡å›¾ç‰‡_1_2.jpg, use /img/trip/ç ´çƒ‚å°å¨ƒ/å¾®ä¿¡å›¾ç‰‡_1_2.jpg.
Files in the public directory are served at the root path.
Instead of /public/img/trip/ç ´çƒ‚å°å¨ƒ/å¾®ä¿¡å›¾ç‰‡_20251218103831_10_2.jpg, use /img/trip/ç ´çƒ‚å°å¨ƒ/å¾®ä¿¡å›¾ç‰‡_20251218103831_10_2.jpg.
Files in the public directory are served at the root path.
Instead of /public/img/trip/ç ´çƒ‚å°å¨ƒ/å¾®ä¿¡å›¾ç‰‡_20251218103831_9_2.jpg, use /img/trip/ç ´çƒ‚å°å¨ƒ/å¾®ä¿¡å›¾ç‰‡_20251218103831_9_2.jpg.
Files in the public directory are served at the root path.
Instead of /public/img/trip/ç ´çƒ‚å°å¨ƒ/å¾®ä¿¡å›¾ç‰‡_20251218103833_12_2.jpg, use /img/trip/ç ´çƒ‚å°å¨ƒ/å¾®ä¿¡å›¾ç‰‡_20251218103833_12_2.jpg.
Files in the public directory are served at the root path.
Instead of /public/img/trip/ç ´çƒ‚å°å¨ƒ/å¾®ä¿¡å›¾ç‰‡_20251218103832_11_2.jpg, use /img/trip/ç ´çƒ‚å°å¨ƒ/å¾®ä¿¡å›¾ç‰‡_20251218103832_11_2.jpg.
Files in the public directory are served at the root path.
Instead of /public/img/trip/ç ´çƒ‚å°å¨ƒ/å¾®ä¿¡å›¾ç‰‡_3_2.jpg, use /img/trip/ç ´çƒ‚å°å¨ƒ/å¾®ä¿¡å›¾ç‰‡_3_2.jpg.
Files in the public directory are served at the root path.
Instead of /public/img/trip/ç ´çƒ‚å°å¨ƒ/å¾®ä¿¡å›¾ç‰‡_20251218103833_13_2.jpg, use /img/trip/ç ´çƒ‚å°å¨ƒ/å¾®ä¿¡å›¾ç‰‡_20251218103833_13_2.jpg.
Files in the public directory are served at the root path.
Instead of /public/img/trip/ç ´çƒ‚å°å¨ƒ/å¾®ä¿¡å›¾ç‰‡_4_2.jpg, use /img/trip/ç ´çƒ‚å°å¨ƒ/å¾®ä¿¡å›¾ç‰‡_4_2.jpg.
Files in the public directory are served at the root path.
Instead of /public/fonts/faken.ttf, use /fonts/faken.ttf.
Files in the public directory are served at the root path.
Instead of /public/img/diary/èŠ™ä¸½èŽ²æ˜Ÿç©º.png, use /img/diary/èŠ™ä¸½èŽ²æ˜Ÿç©º.png.
npm warn Unknown global config "python". This will stop working in the next major version of npm.

> vite-vuetify@0.0.0 dev
> vite --host


  VITE v5.4.21  ready in 972 ms

  âžœ  Local:   http://localhost:5173/
  âžœ  Network: http://172.28.99.106:5173/
[1m[33m[@vue/compiler-sfc][0m[33m ::v-deep usage as a combinator has been deprecated. Use :deep(<inner-selector>) instead of ::v-deep <inner-selector>.[0m

